{
"contracts\\SimpleStorage.sol":{"l":{"23":1,"27":2,"31":0,"32":0},"path":"V:\\Qoneqt Office\\FullStackBlockchainCourse\\FullStackBlockchainCourse\\Hardhat-simple-storage-fcc\\contracts\\SimpleStorage.sol","s":{"1":1,"2":2,"3":0,"4":0},"b":{},"f":{"1":1,"2":2,"3":0},"fnMap":{"1":{"name":"store","line":22,"loc":{"start":{"line":22,"column":2},"end":{"line":24,"column":2}}},"2":{"name":"retrieve","line":26,"loc":{"start":{"line":26,"column":2},"end":{"line":28,"column":2}}},"3":{"name":"addPerson","line":30,"loc":{"start":{"line":30,"column":2},"end":{"line":33,"column":2}}}},"statementMap":{"1":{"start":{"line":23,"column":4},"end":{"line":23,"column":35}},"2":{"start":{"line":27,"column":4},"end":{"line":27,"column":25}},"3":{"start":{"line":31,"column":4},"end":{"line":31,"column":46}},"4":{"start":{"line":32,"column":4},"end":{"line":32,"column":48}}},"branchMap":{}}}
